\BOOKMARK [1][-]{section.1}{Introduction}{}% 1
\BOOKMARK [1][-]{section.2}{Proposed\040Method}{}% 2
\BOOKMARK [2][-]{subsection.2.1}{Splinter}{section.2}% 3
\BOOKMARK [3][-]{subsubsection.2.1.1}{Architecture}{subsection.2.1}% 4
\BOOKMARK [3][-]{subsubsection.2.1.2}{Security\040Goals}{subsection.2.1}% 5
\BOOKMARK [3][-]{subsubsection.2.1.3}{Threat\040Model}{subsection.2.1}% 6
\BOOKMARK [2][-]{subsection.2.2}{Function\040Secret\040Sharing}{section.2}% 7
\BOOKMARK [1][-]{section.3}{Case\040Studies}{}% 8
\BOOKMARK [2][-]{subsection.3.1}{Restaurant\040review\040site}{section.3}% 9
\BOOKMARK [2][-]{subsection.3.2}{Flight\040search}{section.3}% 10
\BOOKMARK [2][-]{subsection.3.3}{Map\040routing}{section.3}% 11
\BOOKMARK [1][-]{section.4}{Related\040Work}{}% 12
\BOOKMARK [2][-]{subsection.4.1}{PIR\(Private\040Information\040Retrieval\040\)\040systems}{section.4}% 13
\BOOKMARK [2][-]{subsection.4.2}{Garbled\040circuits}{section.4}% 14
\BOOKMARK [2][-]{subsection.4.3}{Encrypted\040data\040systems}{section.4}% 15
\BOOKMARK [2][-]{subsection.4.4}{ORAM\(Oblivious\040RAM\)\040systems}{section.4}% 16
\BOOKMARK [1][-]{section.5}{Experimental\040Result}{}% 17
\BOOKMARK [1][-]{section.6}{Implementation}{}% 18
\BOOKMARK [2][-]{subsection.6.1}{BinaryTree}{section.6}% 19
\BOOKMARK [2][-]{subsection.6.2}{HowUserGetInfo}{section.6}% 20
\BOOKMARK [2][-]{subsection.6.3}{程式截圖說明}{section.6}% 21
\BOOKMARK [1][-]{section.7}{Conclusion}{}% 22
\BOOKMARK [1][-]{section.8}{Reference}{}% 23
